[debug] [2022-07-26T20:43:43.843Z] ----------------------------------------------------------------------
[debug] [2022-07-26T20:43:43.845Z] Command:       C:\Program Files\nodejs\node.exe C:\Users\srfco\AppData\Roaming\npm\node_modules\firebase-tools\lib\bin\firebase.js init
[debug] [2022-07-26T20:43:43.846Z] CLI Version:   11.3.0
[debug] [2022-07-26T20:43:43.846Z] Platform:      win32
[debug] [2022-07-26T20:43:43.846Z] Node Version:  v14.18.0
[debug] [2022-07-26T20:43:43.847Z] Time:          Tue Jul 26 2022 23:43:43 GMT+0300 (GMT+03:00)
[debug] [2022-07-26T20:43:43.847Z] ----------------------------------------------------------------------
[debug] 
[debug] [2022-07-26T20:43:43.859Z] > command requires scopes: ["email","openid","https://www.googleapis.com/auth/cloudplatformprojects.readonly","https://www.googleapis.com/auth/firebase","https://www.googleapis.com/auth/cloud-platform"]
[debug] [2022-07-26T20:43:43.860Z] > authorizing via signed-in user (srfcomr@gmail.com)
[info] 
     ######## #### ########  ######## ########     ###     ######  ########
     ##        ##  ##     ## ##       ##     ##  ##   ##  ##       ##
     ######    ##  ########  ######   ########  #########  ######  ######
     ##        ##  ##    ##  ##       ##     ## ##     ##       ## ##
     ##       #### ##     ## ######## ########  ##     ##  ######  ########

You're about to initialize a Firebase project in this directory:

  C:\Users\srfco\Desktop\personApp\personApp\personApp\person-app

[info] 
=== Project Setup
[info] 
[info] First, let's associate this project directory with a Firebase project.
[info] You can create multiple project aliases by running firebase use --add, 
[info] but for now we'll just set up a default project.
[info] 
[debug] [2022-07-26T20:44:11.254Z] > refreshing access token with scopes: []
[debug] [2022-07-26T20:44:11.258Z] >>> [apiv2][query] POST https://www.googleapis.com/oauth2/v3/token [none]
[debug] [2022-07-26T20:44:11.258Z] >>> [apiv2][body] POST https://www.googleapis.com/oauth2/v3/token [omitted]
[debug] [2022-07-26T20:44:11.533Z] <<< [apiv2][status] POST https://www.googleapis.com/oauth2/v3/token 400
[debug] [2022-07-26T20:44:11.533Z] <<< [apiv2][body] POST https://www.googleapis.com/oauth2/v3/token [omitted]
[debug] [2022-07-26T20:44:11.535Z] >>> [apiv2][query] GET https://firebase.googleapis.com/v1beta1/projects pageSize=100
[debug] [2022-07-26T20:44:11.758Z] <<< [apiv2][status] GET https://firebase.googleapis.com/v1beta1/projects 401
[debug] [2022-07-26T20:44:11.758Z] <<< [apiv2][body] GET https://firebase.googleapis.com/v1beta1/projects [omitted]
[debug] [2022-07-26T20:44:11.760Z] HTTP Error: 401, Request had invalid authentication credentials. Expected OAuth 2 access token, login cookie or other valid authentication credential. See https://developers.google.com/identity/sign-in/web/devconsole-project.
[debug] [2022-07-26T20:44:11.977Z] FirebaseError: HTTP Error: 401, Request had invalid authentication credentials. Expected OAuth 2 access token, login cookie or other valid authentication credential. See https://developers.google.com/identity/sign-in/web/devconsole-project.
    at responseToError (C:\Users\srfco\AppData\Roaming\npm\node_modules\firebase-tools\lib\responseToError.js:49:12)
    at RetryOperation._fn (C:\Users\srfco\AppData\Roaming\npm\node_modules\firebase-tools\lib\apiv2.js:287:77)
    at processTicksAndRejections (internal/process/task_queues.js:95:5)
[error] 
[error] Error: Failed to list Firebase projects. See firebase-debug.log for more info.
